0 info it worked if it ends with ok
1 verbose cli [ '/usr/local/bin/node',
1 verbose cli   '/usr/local/bin/npm',
1 verbose cli   'install',
1 verbose cli   'moment',
1 verbose cli   '--save' ]
2 info using npm@2.15.1
3 info using node@v4.4.3
4 verbose install initial load of /Users/jason/Desktop/Jason/programming/load_monitoring/load-monitoring/package.json
5 verbose installManyTop reading scoped package data from /Users/jason/Desktop/Jason/programming/load_monitoring/load-monitoring/node_modules/alt/package.json
6 verbose installManyTop reading scoped package data from /Users/jason/Desktop/Jason/programming/load_monitoring/load-monitoring/node_modules/async/package.json
7 verbose installManyTop reading scoped package data from /Users/jason/Desktop/Jason/programming/load_monitoring/load-monitoring/node_modules/babel-core/package.json
8 verbose installManyTop reading scoped package data from /Users/jason/Desktop/Jason/programming/load_monitoring/load-monitoring/node_modules/babel-loader/package.json
9 verbose installManyTop reading scoped package data from /Users/jason/Desktop/Jason/programming/load_monitoring/load-monitoring/node_modules/babel-preset-es2015/package.json
10 verbose installManyTop reading scoped package data from /Users/jason/Desktop/Jason/programming/load_monitoring/load-monitoring/node_modules/babel-preset-react/package.json
11 verbose installManyTop reading scoped package data from /Users/jason/Desktop/Jason/programming/load_monitoring/load-monitoring/node_modules/babelify/package.json
12 verbose installManyTop reading scoped package data from /Users/jason/Desktop/Jason/programming/load_monitoring/load-monitoring/node_modules/body-parser/package.json
13 verbose installManyTop reading scoped package data from /Users/jason/Desktop/Jason/programming/load_monitoring/load-monitoring/node_modules/bower/package.json
14 verbose installManyTop reading scoped package data from /Users/jason/Desktop/Jason/programming/load_monitoring/load-monitoring/node_modules/browserify/package.json
15 verbose installManyTop reading scoped package data from /Users/jason/Desktop/Jason/programming/load_monitoring/load-monitoring/node_modules/classnames/package.json
16 verbose installManyTop reading scoped package data from /Users/jason/Desktop/Jason/programming/load_monitoring/load-monitoring/node_modules/colors/package.json
17 verbose installManyTop reading scoped package data from /Users/jason/Desktop/Jason/programming/load_monitoring/load-monitoring/node_modules/compression/package.json
18 verbose installManyTop reading scoped package data from /Users/jason/Desktop/Jason/programming/load_monitoring/load-monitoring/node_modules/ejs/package.json
19 verbose installManyTop reading scoped package data from /Users/jason/Desktop/Jason/programming/load_monitoring/load-monitoring/node_modules/escape-string-regexp/package.json
20 verbose installManyTop reading scoped package data from /Users/jason/Desktop/Jason/programming/load_monitoring/load-monitoring/node_modules/express/package.json
21 verbose installManyTop reading scoped package data from /Users/jason/Desktop/Jason/programming/load_monitoring/load-monitoring/node_modules/express-session/package.json
22 verbose installManyTop reading scoped package data from /Users/jason/Desktop/Jason/programming/load_monitoring/load-monitoring/node_modules/fs/package.json
23 verbose installManyTop reading scoped package data from /Users/jason/Desktop/Jason/programming/load_monitoring/load-monitoring/node_modules/gulp/package.json
24 verbose installManyTop reading scoped package data from /Users/jason/Desktop/Jason/programming/load_monitoring/load-monitoring/node_modules/gulp-autoprefixer/package.json
25 verbose installManyTop reading scoped package data from /Users/jason/Desktop/Jason/programming/load_monitoring/load-monitoring/node_modules/gulp-concat/package.json
26 verbose installManyTop reading scoped package data from /Users/jason/Desktop/Jason/programming/load_monitoring/load-monitoring/node_modules/gulp-cssmin/package.json
27 verbose installManyTop reading scoped package data from /Users/jason/Desktop/Jason/programming/load_monitoring/load-monitoring/node_modules/gulp-if/package.json
28 verbose installManyTop reading scoped package data from /Users/jason/Desktop/Jason/programming/load_monitoring/load-monitoring/node_modules/gulp-less/package.json
29 verbose installManyTop reading scoped package data from /Users/jason/Desktop/Jason/programming/load_monitoring/load-monitoring/node_modules/gulp-plumber/package.json
30 verbose installManyTop reading scoped package data from /Users/jason/Desktop/Jason/programming/load_monitoring/load-monitoring/node_modules/gulp-streamify/package.json
31 verbose installManyTop reading scoped package data from /Users/jason/Desktop/Jason/programming/load_monitoring/load-monitoring/node_modules/gulp-uglify/package.json
32 verbose installManyTop reading scoped package data from /Users/jason/Desktop/Jason/programming/load_monitoring/load-monitoring/node_modules/gulp-util/package.json
33 verbose installManyTop reading scoped package data from /Users/jason/Desktop/Jason/programming/load_monitoring/load-monitoring/node_modules/history/package.json
34 verbose installManyTop reading scoped package data from /Users/jason/Desktop/Jason/programming/load_monitoring/load-monitoring/node_modules/install/package.json
35 verbose installManyTop reading scoped package data from /Users/jason/Desktop/Jason/programming/load_monitoring/load-monitoring/node_modules/morgan/package.json
36 verbose installManyTop reading scoped package data from /Users/jason/Desktop/Jason/programming/load_monitoring/load-monitoring/node_modules/node-promise/package.json
37 verbose installManyTop reading scoped package data from /Users/jason/Desktop/Jason/programming/load_monitoring/load-monitoring/node_modules/nodemon/package.json
38 verbose installManyTop reading scoped package data from /Users/jason/Desktop/Jason/programming/load_monitoring/load-monitoring/node_modules/npm/package.json
39 verbose installManyTop reading scoped package data from /Users/jason/Desktop/Jason/programming/load_monitoring/load-monitoring/node_modules/react/package.json
40 verbose installManyTop reading scoped package data from /Users/jason/Desktop/Jason/programming/load_monitoring/load-monitoring/node_modules/react-addons-transition-group/package.json
41 verbose installManyTop reading scoped package data from /Users/jason/Desktop/Jason/programming/load_monitoring/load-monitoring/node_modules/react-d3-basic/package.json
42 verbose installManyTop reading scoped package data from /Users/jason/Desktop/Jason/programming/load_monitoring/load-monitoring/node_modules/react-d3-core/package.json
43 verbose installManyTop reading scoped package data from /Users/jason/Desktop/Jason/programming/load_monitoring/load-monitoring/node_modules/react-dom/package.json
44 verbose installManyTop reading scoped package data from /Users/jason/Desktop/Jason/programming/load_monitoring/load-monitoring/node_modules/react-router/package.json
45 verbose installManyTop reading scoped package data from /Users/jason/Desktop/Jason/programming/load_monitoring/load-monitoring/node_modules/request/package.json
46 verbose installManyTop reading scoped package data from /Users/jason/Desktop/Jason/programming/load_monitoring/load-monitoring/node_modules/serve-favicon/package.json
47 verbose installManyTop reading scoped package data from /Users/jason/Desktop/Jason/programming/load_monitoring/load-monitoring/node_modules/simple-react-modal/package.json
48 verbose installManyTop reading scoped package data from /Users/jason/Desktop/Jason/programming/load_monitoring/load-monitoring/node_modules/socket.io/package.json
49 verbose installManyTop reading scoped package data from /Users/jason/Desktop/Jason/programming/load_monitoring/load-monitoring/node_modules/swig/package.json
50 verbose installManyTop reading scoped package data from /Users/jason/Desktop/Jason/programming/load_monitoring/load-monitoring/node_modules/underscore/package.json
51 verbose installManyTop reading scoped package data from /Users/jason/Desktop/Jason/programming/load_monitoring/load-monitoring/node_modules/underscore-node/package.json
52 verbose installManyTop reading scoped package data from /Users/jason/Desktop/Jason/programming/load_monitoring/load-monitoring/node_modules/vinyl-source-stream/package.json
53 verbose installManyTop reading scoped package data from /Users/jason/Desktop/Jason/programming/load_monitoring/load-monitoring/node_modules/watchify/package.json
54 verbose installManyTop reading scoped package data from /Users/jason/Desktop/Jason/programming/load_monitoring/load-monitoring/node_modules/webpack/package.json
55 verbose installManyTop reading scoped package data from /Users/jason/Desktop/Jason/programming/load_monitoring/load-monitoring/node_modules/xml2js/package.json
56 info package.json fs@0.0.2 fs is also the name of a node core module.
57 info package.json fs@0.0.2 No description
58 info package.json fs@0.0.2 No repository field.
59 info package.json fs@0.0.2 No README data
60 info package.json react-d3-core@1.2.8 No repository field.
61 info package.json react-d3-core@1.2.8 license should be a valid SPDX license expression
62 info package.json gulp-streamify@1.0.2 No license field.
63 info package.json react-d3-basic@1.6.11 No repository field.
64 info package.json react-d3-basic@1.6.11 license should be a valid SPDX license expression
65 info package.json node-promise@0.5.12 No license field.
66 verbose readDependencies loading dependencies from /Users/jason/Desktop/Jason/programming/load_monitoring/load-monitoring/package.json
67 silly cache add args [ 'moment', null ]
68 verbose cache add spec moment
69 silly cache add parsed spec Result {
69 silly cache add   raw: 'moment',
69 silly cache add   scope: null,
69 silly cache add   name: 'moment',
69 silly cache add   rawSpec: '',
69 silly cache add   spec: 'latest',
69 silly cache add   type: 'tag' }
70 silly addNamed moment@latest
71 verbose addNamed "latest" is being treated as a dist-tag for moment
72 info addNameTag [ 'moment', 'latest' ]
73 silly mapToRegistry name moment
74 silly mapToRegistry using default registry
75 silly mapToRegistry registry https://registry.npmjs.org/
76 silly mapToRegistry data Result {
76 silly mapToRegistry   raw: 'moment',
76 silly mapToRegistry   scope: null,
76 silly mapToRegistry   name: 'moment',
76 silly mapToRegistry   rawSpec: '',
76 silly mapToRegistry   spec: 'latest',
76 silly mapToRegistry   type: 'tag' }
77 silly mapToRegistry uri https://registry.npmjs.org/moment
78 verbose addNameTag registry:https://registry.npmjs.org/moment not in flight; fetching
79 verbose request uri https://registry.npmjs.org/moment
80 verbose request no auth needed
81 info attempt registry request try #1 at 8:02:44 AM
82 verbose request id c135ab2c7e96cc8e
83 http request GET https://registry.npmjs.org/moment
84 http 200 https://registry.npmjs.org/moment
85 verbose headers { server: 'CouchDB/1.5.0 (Erlang OTP/R16B03)',
85 verbose headers   etag: '"AW4S6KTPNC4KN8TN2QPY1WBLQ"',
85 verbose headers   'content-type': 'application/json',
85 verbose headers   'content-encoding': 'gzip',
85 verbose headers   'cache-control': 'max-age=300',
85 verbose headers   'content-length': '11579',
85 verbose headers   'accept-ranges': 'bytes',
85 verbose headers   date: 'Thu, 05 May 2016 12:02:45 GMT',
85 verbose headers   via: '1.1 varnish',
85 verbose headers   age: '109',
85 verbose headers   connection: 'keep-alive',
85 verbose headers   'x-served-by': 'cache-atl6241-ATL',
85 verbose headers   'x-cache': 'HIT',
85 verbose headers   'x-cache-hits': '2',
85 verbose headers   'x-timer': 'S1462449765.896254,VS0,VE0',
85 verbose headers   vary: 'Accept-Encoding' }
86 silly get cb [ 200,
86 silly get   { server: 'CouchDB/1.5.0 (Erlang OTP/R16B03)',
86 silly get     etag: '"AW4S6KTPNC4KN8TN2QPY1WBLQ"',
86 silly get     'content-type': 'application/json',
86 silly get     'content-encoding': 'gzip',
86 silly get     'cache-control': 'max-age=300',
86 silly get     'content-length': '11579',
86 silly get     'accept-ranges': 'bytes',
86 silly get     date: 'Thu, 05 May 2016 12:02:45 GMT',
86 silly get     via: '1.1 varnish',
86 silly get     age: '109',
86 silly get     connection: 'keep-alive',
86 silly get     'x-served-by': 'cache-atl6241-ATL',
86 silly get     'x-cache': 'HIT',
86 silly get     'x-cache-hits': '2',
86 silly get     'x-timer': 'S1462449765.896254,VS0,VE0',
86 silly get     vary: 'Accept-Encoding' } ]
87 verbose get saving moment to /Users/jason/.npm/registry.npmjs.org/moment/.cache.json
88 verbose correctMkdir /Users/jason/.npm correctMkdir not in flight; initializing
89 silly addNameTag next cb for moment with tag latest
90 silly addNamed moment@2.13.0
91 verbose addNamed "2.13.0" is a plain semver version for moment
92 silly mapToRegistry name moment
93 silly mapToRegistry using default registry
94 silly mapToRegistry registry https://registry.npmjs.org/
95 silly mapToRegistry data Result {
95 silly mapToRegistry   raw: 'moment',
95 silly mapToRegistry   scope: null,
95 silly mapToRegistry   name: 'moment',
95 silly mapToRegistry   rawSpec: '',
95 silly mapToRegistry   spec: 'latest',
95 silly mapToRegistry   type: 'tag' }
96 silly mapToRegistry uri https://registry.npmjs.org/moment
97 verbose addRemoteTarball https://registry.npmjs.org/moment/-/moment-2.13.0.tgz not in flight; adding
98 verbose addRemoteTarball [ 'https://registry.npmjs.org/moment/-/moment-2.13.0.tgz',
98 verbose addRemoteTarball   '24162d99521e6d40f99ae6939e806d2139eaac52' ]
99 info retry fetch attempt 1 at 8:02:44 AM
100 info attempt registry request try #1 at 8:02:44 AM
101 http fetch GET https://registry.npmjs.org/moment/-/moment-2.13.0.tgz
102 http fetch 200 https://registry.npmjs.org/moment/-/moment-2.13.0.tgz
103 silly fetchAndShaCheck shasum 24162d99521e6d40f99ae6939e806d2139eaac52
104 verbose addTmpTarball /var/folders/8j/55pm014s34l0_z2grzb08q9m0000gn/T/npm-41924-362da7d0/registry.npmjs.org/moment/-/moment-2.13.0.tgz not in flight; adding
105 verbose addTmpTarball already have metadata; skipping unpack for moment@2.13.0
106 verbose correctMkdir /Users/jason/.npm correctMkdir not in flight; initializing
107 silly cache afterAdd moment@2.13.0
108 verbose afterAdd /Users/jason/.npm/moment/2.13.0/package/package.json not in flight; writing
109 verbose correctMkdir /Users/jason/.npm correctMkdir not in flight; initializing
110 verbose afterAdd /Users/jason/.npm/moment/2.13.0/package/package.json written
111 silly install resolved [ { name: 'moment',
111 silly install resolved     version: '2.13.0',
111 silly install resolved     description: 'Parse, validate, manipulate, and display dates',
111 silly install resolved     homepage: 'http://momentjs.com',
111 silly install resolved     author:
111 silly install resolved      { name: 'Iskren Ivov Chernev',
111 silly install resolved        email: 'iskren.chernev@gmail.com',
111 silly install resolved        url: 'https://github.com/ichernev' },
111 silly install resolved     contributors: [ [Object], [Object], [Object], [Object], [Object] ],
111 silly install resolved     keywords:
111 silly install resolved      [ 'moment',
111 silly install resolved        'date',
111 silly install resolved        'time',
111 silly install resolved        'parse',
111 silly install resolved        'format',
111 silly install resolved        'validate',
111 silly install resolved        'i18n',
111 silly install resolved        'l10n',
111 silly install resolved        'ender' ],
111 silly install resolved     main: './moment.js',
111 silly install resolved     typings: './moment.d.ts',
111 silly install resolved     engines: { node: '*' },
111 silly install resolved     repository: { type: 'git', url: 'https://github.com/moment/moment.git' },
111 silly install resolved     bugs: { url: 'https://github.com/moment/moment/issues' },
111 silly install resolved     license: 'MIT',
111 silly install resolved     devDependencies:
111 silly install resolved      { 'uglify-js': 'latest',
111 silly install resolved        'es6-promise': 'latest',
111 silly install resolved        grunt: '~0.4',
111 silly install resolved        'grunt-cli': 'latest',
111 silly install resolved        benchmark: 'latest',
111 silly install resolved        esperanto: 'latest',
111 silly install resolved        'grunt-contrib-clean': 'latest',
111 silly install resolved        'grunt-contrib-concat': 'latest',
111 silly install resolved        'grunt-contrib-copy': 'latest',
111 silly install resolved        'grunt-contrib-jshint': 'latest',
111 silly install resolved        'grunt-contrib-uglify': 'latest',
111 silly install resolved        'grunt-contrib-watch': 'latest',
111 silly install resolved        'grunt-env': 'latest',
111 silly install resolved        'grunt-jscs': 'latest',
111 silly install resolved        'grunt-karma': 'latest',
111 silly install resolved        'grunt-nuget': 'latest',
111 silly install resolved        'grunt-benchmark': 'latest',
111 silly install resolved        'grunt-string-replace': 'latest',
111 silly install resolved        'grunt-exec': 'latest',
111 silly install resolved        'load-grunt-tasks': 'latest',
111 silly install resolved        karma: 'latest',
111 silly install resolved        'karma-chrome-launcher': 'latest',
111 silly install resolved        'karma-firefox-launcher': 'latest',
111 silly install resolved        'karma-qunit': 'latest',
111 silly install resolved        'karma-sauce-launcher': 'latest',
111 silly install resolved        qunit: '^0.7.5',
111 silly install resolved        'qunit-cli': '^0.1.4',
111 silly install resolved        spacejam: 'latest',
111 silly install resolved        coveralls: '^2.11.2',
111 silly install resolved        nyc: '^2.1.4' },
111 silly install resolved     ender: './ender.js',
111 silly install resolved     dojoBuild: 'package.js',
111 silly install resolved     jspm: { files: [Object], map: [Object], buildConfig: [Object] },
111 silly install resolved     scripts:
111 silly install resolved      { test: 'grunt test',
111 silly install resolved        coverage: 'nyc npm test && nyc report',
111 silly install resolved        coveralls: 'nyc npm test && nyc report --reporter=text-lcov | coveralls' },
111 silly install resolved     spm: { main: 'moment.js', output: [Object] },
111 silly install resolved     _id: 'moment@2.13.0',
111 silly install resolved     dist:
111 silly install resolved      { shasum: '24162d99521e6d40f99ae6939e806d2139eaac52',
111 silly install resolved        tarball: 'https://registry.npmjs.org/moment/-/moment-2.13.0.tgz' },
111 silly install resolved     _from: 'moment@latest',
111 silly install resolved     _npmVersion: '1.4.6',
111 silly install resolved     _npmUser: { name: 'ichernev', email: 'iskren.chernev@gmail.com' },
111 silly install resolved     maintainers: [ [Object], [Object] ],
111 silly install resolved     _npmOperationalInternal:
111 silly install resolved      { host: 'packages-16-east.internal.npmjs.com',
111 silly install resolved        tmp: 'tmp/moment-2.13.0.tgz_1460965287679_0.1848272318020463' },
111 silly install resolved     directories: {},
111 silly install resolved     _shasum: '24162d99521e6d40f99ae6939e806d2139eaac52',
111 silly install resolved     _resolved: 'https://registry.npmjs.org/moment/-/moment-2.13.0.tgz' } ]
112 info install moment@2.13.0 into /Users/jason/Desktop/Jason/programming/load_monitoring/load-monitoring
113 info installOne moment@2.13.0
114 verbose installOne of moment to /Users/jason/Desktop/Jason/programming/load_monitoring/load-monitoring not in flight; installing
115 verbose correctMkdir /Users/jason/.npm/_locks correctMkdir not in flight; initializing
116 verbose lock using /Users/jason/.npm/_locks/moment-d0e18d46068120ca.lock for /Users/jason/Desktop/Jason/programming/load_monitoring/load-monitoring/node_modules/moment
117 silly install write writing moment 2.13.0 to /Users/jason/Desktop/Jason/programming/load_monitoring/load-monitoring/node_modules/moment
118 verbose unbuild node_modules/moment
119 silly gentlyRm /Users/jason/Desktop/Jason/programming/load_monitoring/load-monitoring/node_modules/moment is being purged from base /Users/jason/Desktop/Jason/programming/load_monitoring/load-monitoring
120 verbose gentlyRm don't care about contents; nuking /Users/jason/Desktop/Jason/programming/load_monitoring/load-monitoring/node_modules/moment
121 verbose tar unpack /Users/jason/.npm/moment/2.13.0/package.tgz
122 verbose tar unpacking to /Users/jason/Desktop/Jason/programming/load_monitoring/load-monitoring/node_modules/moment
123 silly gentlyRm /Users/jason/Desktop/Jason/programming/load_monitoring/load-monitoring/node_modules/moment is being purged
124 verbose gentlyRm don't care about contents; nuking /Users/jason/Desktop/Jason/programming/load_monitoring/load-monitoring/node_modules/moment
125 silly gunzTarPerm modes [ '755', '644' ]
126 silly gunzTarPerm extractEntry package.json
127 silly gunzTarPerm extractEntry .npmignore
128 silly gunzTarPerm extractEntry README.md
129 silly gunzTarPerm extractEntry LICENSE
130 silly gunzTarPerm extractEntry ender.js
131 silly gunzTarPerm extractEntry moment.js
132 silly gunzTarPerm extractEntry package.js
133 silly gunzTarPerm extractEntry moment.d.ts
134 silly gunzTarPerm extractEntry src/moment.js
135 silly gunzTarPerm extractEntry src/lib/create/check-overflow.js
136 silly gunzTarPerm extractEntry src/lib/create/from-anything.js
137 silly gunzTarPerm extractEntry src/lib/create/from-array.js
138 silly gunzTarPerm extractEntry src/lib/create/from-object.js
139 silly gunzTarPerm extractEntry src/lib/create/from-string-and-array.js
140 silly gunzTarPerm extractEntry src/lib/create/date-from-array.js
141 silly gunzTarPerm extractEntry src/lib/create/from-string.js
142 silly gunzTarPerm extractEntry src/lib/create/local.js
143 silly gunzTarPerm extractEntry src/lib/create/parsing-flags.js
144 silly gunzTarPerm extractEntry src/lib/create/utc.js
145 silly gunzTarPerm extractEntry src/lib/create/valid.js
146 silly gunzTarPerm extractEntry src/lib/create/from-string-and-format.js
147 silly gunzTarPerm extractEntry src/lib/duration/abs.js
148 silly gunzTarPerm extractEntry src/lib/duration/as.js
149 silly gunzTarPerm extractEntry src/lib/duration/bubble.js
150 silly gunzTarPerm extractEntry src/lib/duration/constructor.js
151 silly gunzTarPerm extractEntry src/lib/duration/add-subtract.js
152 silly gunzTarPerm extractEntry src/lib/duration/duration.js
153 silly gunzTarPerm extractEntry src/lib/duration/get.js
154 silly gunzTarPerm extractEntry src/lib/duration/humanize.js
155 silly gunzTarPerm extractEntry src/lib/duration/iso-string.js
156 silly gunzTarPerm extractEntry src/lib/duration/prototype.js
157 silly gunzTarPerm extractEntry src/lib/duration/create.js
158 silly gunzTarPerm extractEntry src/lib/format/format.js
159 silly gunzTarPerm extractEntry src/lib/locale/calendar.js
160 silly gunzTarPerm extractEntry src/lib/locale/formats.js
161 silly gunzTarPerm extractEntry src/lib/locale/invalid.js
162 silly gunzTarPerm extractEntry src/lib/locale/lists.js
163 silly gunzTarPerm extractEntry src/lib/locale/en.js
164 silly gunzTarPerm extractEntry src/lib/locale/locales.js
165 silly gunzTarPerm extractEntry src/lib/locale/ordinal.js
166 silly gunzTarPerm extractEntry src/lib/locale/pre-post-format.js
167 silly gunzTarPerm extractEntry src/lib/locale/prototype.js
168 silly gunzTarPerm extractEntry src/lib/locale/relative.js
169 silly gunzTarPerm extractEntry src/lib/locale/constructor.js
170 silly gunzTarPerm extractEntry src/lib/locale/set.js
171 silly gunzTarPerm extractEntry src/lib/locale/locale.js
172 silly gunzTarPerm extractEntry src/lib/moment/add-subtract.js
173 silly gunzTarPerm extractEntry src/lib/moment/diff.js
174 silly gunzTarPerm extractEntry src/lib/moment/format.js
175 silly gunzTarPerm extractEntry src/lib/moment/from.js
176 silly gunzTarPerm extractEntry src/lib/moment/creation-data.js
177 silly gunzTarPerm extractEntry src/lib/moment/locale.js
178 silly gunzTarPerm extractEntry src/lib/moment/min-max.js
179 silly gunzTarPerm extractEntry src/lib/moment/moment.js
180 silly gunzTarPerm extractEntry src/lib/moment/now.js
181 silly gunzTarPerm extractEntry src/lib/moment/prototype.js
182 silly gunzTarPerm extractEntry src/lib/moment/constructor.js
183 silly gunzTarPerm extractEntry src/lib/moment/start-end-of.js
184 silly gunzTarPerm extractEntry src/lib/moment/compare.js
185 silly gunzTarPerm extractEntry src/lib/moment/to-type.js
186 silly gunzTarPerm extractEntry src/lib/moment/clone.js
187 silly gunzTarPerm extractEntry src/lib/moment/to.js
188 silly gunzTarPerm extractEntry src/lib/moment/calendar.js
189 silly gunzTarPerm extractEntry src/lib/moment/valid.js
190 silly gunzTarPerm extractEntry src/lib/moment/get-set.js
191 silly gunzTarPerm extractEntry src/lib/parse/regex.js
192 silly gunzTarPerm extractEntry src/lib/parse/token.js
193 silly gunzTarPerm extractEntry src/lib/units/aliases.js
194 silly gunzTarPerm extractEntry src/lib/units/millisecond.js
195 silly gunzTarPerm extractEntry src/lib/units/minute.js
196 silly gunzTarPerm extractEntry src/lib/units/month.js
197 silly gunzTarPerm extractEntry src/lib/units/hour.js
198 silly gunzTarPerm extractEntry src/lib/units/quarter.js
199 silly gunzTarPerm extractEntry src/lib/units/second.js
200 silly gunzTarPerm extractEntry src/lib/units/timestamp.js
201 silly gunzTarPerm extractEntry src/lib/units/timezone.js
202 silly gunzTarPerm extractEntry src/lib/units/units.js
203 silly gunzTarPerm extractEntry src/lib/units/day-of-year.js
204 silly gunzTarPerm extractEntry src/lib/units/week-calendar-utils.js
205 silly gunzTarPerm extractEntry src/lib/units/day-of-week.js
206 silly gunzTarPerm extractEntry src/lib/units/week-year.js
207 silly gunzTarPerm extractEntry src/lib/units/day-of-month.js
208 silly gunzTarPerm extractEntry src/lib/units/week.js
209 silly gunzTarPerm extractEntry src/lib/units/constants.js
210 silly gunzTarPerm extractEntry src/lib/units/year.js
211 silly gunzTarPerm extractEntry src/lib/units/offset.js
212 silly gunzTarPerm extractEntry src/lib/utils/abs-ceil.js
213 silly gunzTarPerm extractEntry src/lib/utils/extend.js
214 silly gunzTarPerm extractEntry src/lib/utils/has-own-prop.js
215 silly gunzTarPerm extractEntry src/lib/utils/hooks.js
216 silly gunzTarPerm extractEntry src/lib/utils/index-of.js
217 silly gunzTarPerm extractEntry src/lib/utils/deprecate.js
218 silly gunzTarPerm extractEntry src/lib/utils/is-date.js
219 silly gunzTarPerm extractEntry src/lib/utils/is-function.js
220 silly gunzTarPerm extractEntry src/lib/utils/is-object.js
221 silly gunzTarPerm extractEntry src/lib/utils/is-undefined.js
222 silly gunzTarPerm extractEntry src/lib/utils/keys.js
223 silly gunzTarPerm extractEntry src/lib/utils/defaults.js
224 silly gunzTarPerm extractEntry src/lib/utils/map.js
225 silly gunzTarPerm extractEntry src/lib/utils/compare-arrays.js
226 silly gunzTarPerm extractEntry src/lib/utils/some.js
227 silly gunzTarPerm extractEntry src/lib/utils/abs-round.js
228 silly gunzTarPerm extractEntry src/lib/utils/to-int.js
229 silly gunzTarPerm extractEntry src/lib/utils/abs-floor.js
230 silly gunzTarPerm extractEntry src/lib/utils/zero-fill.js
231 silly gunzTarPerm extractEntry src/lib/utils/is-array.js
232 silly gunzTarPerm extractEntry src/locale/af.js
233 silly gunzTarPerm extractEntry src/locale/it.js
234 silly gunzTarPerm extractEntry src/locale/ja.js
235 silly gunzTarPerm extractEntry src/locale/jv.js
236 silly gunzTarPerm extractEntry src/locale/ka.js
237 silly gunzTarPerm extractEntry src/locale/is.js
238 silly gunzTarPerm extractEntry src/locale/km.js
239 silly gunzTarPerm extractEntry src/locale/ko.js
240 silly gunzTarPerm extractEntry src/locale/ky.js
241 silly gunzTarPerm extractEntry src/locale/lb.js
242 silly gunzTarPerm extractEntry src/locale/lo.js
243 silly gunzTarPerm extractEntry src/locale/id.js
244 silly gunzTarPerm extractEntry src/locale/lt.js
245 silly gunzTarPerm extractEntry src/locale/hy-am.js
246 silly gunzTarPerm extractEntry src/locale/lv.js
247 silly gunzTarPerm extractEntry src/locale/hu.js
248 silly gunzTarPerm extractEntry src/locale/me.js
249 silly gunzTarPerm extractEntry src/locale/hr.js
250 silly gunzTarPerm extractEntry src/locale/mk.js
251 silly gunzTarPerm extractEntry src/locale/hi.js
252 silly gunzTarPerm extractEntry src/locale/ml.js
253 silly gunzTarPerm extractEntry src/locale/he.js
254 silly gunzTarPerm extractEntry src/locale/mr.js
255 silly gunzTarPerm extractEntry src/locale/gl.js
256 silly gunzTarPerm extractEntry src/locale/ms-my.js
257 silly gunzTarPerm extractEntry src/locale/gd.js
258 silly gunzTarPerm extractEntry src/locale/ms.js
259 silly gunzTarPerm extractEntry src/locale/fy.js
260 silly gunzTarPerm extractEntry src/locale/my.js
261 silly gunzTarPerm extractEntry src/locale/fr.js
262 silly gunzTarPerm extractEntry src/locale/nb.js
263 silly gunzTarPerm extractEntry src/locale/fr-ch.js
264 silly gunzTarPerm extractEntry src/locale/ne.js
265 silly gunzTarPerm extractEntry src/locale/fr-ca.js
266 silly gunzTarPerm extractEntry src/locale/nl.js
267 silly gunzTarPerm extractEntry src/locale/fo.js
268 silly gunzTarPerm extractEntry src/locale/nn.js
269 silly gunzTarPerm extractEntry src/locale/fi.js
270 silly gunzTarPerm extractEntry src/locale/pa-in.js
271 silly gunzTarPerm extractEntry src/locale/fa.js
272 silly gunzTarPerm extractEntry src/locale/pl.js
273 silly gunzTarPerm extractEntry src/locale/eu.js
274 silly gunzTarPerm extractEntry src/locale/pt-br.js
275 silly gunzTarPerm extractEntry src/locale/et.js
276 silly gunzTarPerm extractEntry src/locale/pt.js
277 silly gunzTarPerm extractEntry src/locale/es.js
278 silly gunzTarPerm extractEntry src/locale/ro.js
279 silly gunzTarPerm extractEntry src/locale/eo.js
280 silly gunzTarPerm extractEntry src/locale/ru.js
281 silly gunzTarPerm extractEntry src/locale/en-nz.js
282 silly gunzTarPerm extractEntry src/locale/se.js
283 silly gunzTarPerm extractEntry src/locale/en-ie.js
284 silly gunzTarPerm extractEntry src/locale/si.js
285 silly gunzTarPerm extractEntry src/locale/en-gb.js
286 silly gunzTarPerm extractEntry src/locale/sk.js
287 silly gunzTarPerm extractEntry src/locale/en-ca.js
288 silly gunzTarPerm extractEntry src/locale/sl.js
289 silly gunzTarPerm extractEntry src/locale/en-au.js
290 silly gunzTarPerm extractEntry src/locale/sq.js
291 silly gunzTarPerm extractEntry src/locale/el.js
292 silly gunzTarPerm extractEntry src/locale/sr-cyrl.js
293 silly gunzTarPerm extractEntry src/locale/dv.js
294 silly gunzTarPerm extractEntry src/locale/sr.js
295 silly gunzTarPerm extractEntry src/locale/de.js
296 silly gunzTarPerm extractEntry src/locale/ss.js
297 silly gunzTarPerm extractEntry src/locale/de-at.js
298 silly gunzTarPerm extractEntry src/locale/sv.js
299 silly gunzTarPerm extractEntry src/locale/da.js
300 silly gunzTarPerm extractEntry src/locale/sw.js
301 silly gunzTarPerm extractEntry src/locale/cy.js
302 silly gunzTarPerm extractEntry src/locale/ta.js
303 silly gunzTarPerm extractEntry src/locale/cv.js
304 silly gunzTarPerm extractEntry src/locale/te.js
305 silly gunzTarPerm extractEntry src/locale/cs.js
306 silly gunzTarPerm extractEntry src/locale/th.js
307 silly gunzTarPerm extractEntry src/locale/ca.js
308 silly gunzTarPerm extractEntry src/locale/tl-ph.js
309 silly gunzTarPerm extractEntry src/locale/bs.js
310 silly gunzTarPerm extractEntry src/locale/tlh.js
311 silly gunzTarPerm extractEntry src/locale/br.js
312 silly gunzTarPerm extractEntry src/locale/tr.js
313 silly gunzTarPerm extractEntry src/locale/bo.js
314 silly gunzTarPerm extractEntry src/locale/tzl.js
315 silly gunzTarPerm extractEntry src/locale/bn.js
316 silly gunzTarPerm extractEntry src/locale/tzm-latn.js
317 silly gunzTarPerm extractEntry src/locale/bg.js
318 silly gunzTarPerm extractEntry src/locale/tzm.js
319 silly gunzTarPerm extractEntry src/locale/be.js
320 silly gunzTarPerm extractEntry src/locale/uk.js
321 silly gunzTarPerm extractEntry src/locale/az.js
322 silly gunzTarPerm extractEntry src/locale/uz.js
323 silly gunzTarPerm extractEntry src/locale/ar.js
324 silly gunzTarPerm extractEntry src/locale/vi.js
325 silly gunzTarPerm extractEntry src/locale/ar-tn.js
326 silly gunzTarPerm extractEntry src/locale/x-pseudo.js
327 silly gunzTarPerm extractEntry src/locale/ar-sa.js
328 silly gunzTarPerm extractEntry src/locale/zh-cn.js
329 silly gunzTarPerm extractEntry src/locale/ar-ma.js
330 silly gunzTarPerm extractEntry src/locale/zh-tw.js
331 silly gunzTarPerm extractEntry src/locale/kk.js
332 silly gunzTarPerm extractEntry locale/af.js
333 silly gunzTarPerm extractEntry locale/it.js
334 silly gunzTarPerm extractEntry locale/ja.js
335 silly gunzTarPerm extractEntry locale/jv.js
336 silly gunzTarPerm extractEntry locale/ka.js
337 silly gunzTarPerm extractEntry locale/is.js
338 silly gunzTarPerm extractEntry locale/km.js
339 silly gunzTarPerm extractEntry locale/ko.js
340 silly gunzTarPerm extractEntry locale/ky.js
341 silly gunzTarPerm extractEntry locale/lb.js
342 silly gunzTarPerm extractEntry locale/lo.js
343 silly gunzTarPerm extractEntry locale/id.js
344 silly gunzTarPerm extractEntry locale/lt.js
345 silly gunzTarPerm extractEntry locale/hy-am.js
346 silly gunzTarPerm extractEntry locale/lv.js
347 silly gunzTarPerm extractEntry locale/hu.js
348 silly gunzTarPerm extractEntry locale/me.js
349 silly gunzTarPerm extractEntry locale/hr.js
350 silly gunzTarPerm extractEntry locale/mk.js
351 silly gunzTarPerm extractEntry locale/hi.js
352 silly gunzTarPerm extractEntry locale/ml.js
353 silly gunzTarPerm extractEntry locale/he.js
354 silly gunzTarPerm extractEntry locale/mr.js
355 silly gunzTarPerm extractEntry locale/gl.js
356 silly gunzTarPerm extractEntry locale/ms-my.js
357 silly gunzTarPerm extractEntry locale/gd.js
358 silly gunzTarPerm extractEntry locale/ms.js
359 silly gunzTarPerm extractEntry locale/fy.js
360 silly gunzTarPerm extractEntry locale/my.js
361 silly gunzTarPerm extractEntry locale/fr.js
362 silly gunzTarPerm extractEntry locale/nb.js
363 silly gunzTarPerm extractEntry locale/fr-ch.js
364 silly gunzTarPerm extractEntry locale/ne.js
365 silly gunzTarPerm extractEntry locale/fr-ca.js
366 silly gunzTarPerm extractEntry locale/nl.js
367 silly gunzTarPerm extractEntry locale/fo.js
368 silly gunzTarPerm extractEntry locale/nn.js
369 silly gunzTarPerm extractEntry locale/fi.js
370 silly gunzTarPerm extractEntry locale/pa-in.js
371 silly gunzTarPerm extractEntry locale/fa.js
372 silly gunzTarPerm extractEntry locale/pl.js
373 silly gunzTarPerm extractEntry locale/eu.js
374 silly gunzTarPerm extractEntry locale/pt-br.js
375 silly gunzTarPerm extractEntry locale/et.js
376 silly gunzTarPerm extractEntry locale/pt.js
377 silly gunzTarPerm extractEntry locale/es.js
378 silly gunzTarPerm extractEntry locale/ro.js
379 silly gunzTarPerm extractEntry locale/eo.js
380 silly gunzTarPerm extractEntry locale/ru.js
381 silly gunzTarPerm extractEntry locale/en-nz.js
382 silly gunzTarPerm extractEntry locale/se.js
383 silly gunzTarPerm extractEntry locale/en-ie.js
384 silly gunzTarPerm extractEntry locale/si.js
385 silly gunzTarPerm extractEntry locale/en-gb.js
386 silly gunzTarPerm extractEntry locale/sk.js
387 silly gunzTarPerm extractEntry locale/en-ca.js
388 silly gunzTarPerm extractEntry locale/sl.js
389 silly gunzTarPerm extractEntry locale/en-au.js
390 silly gunzTarPerm extractEntry locale/sq.js
391 silly gunzTarPerm extractEntry locale/el.js
392 silly gunzTarPerm extractEntry locale/sr-cyrl.js
393 silly gunzTarPerm extractEntry locale/dv.js
394 silly gunzTarPerm extractEntry locale/sr.js
395 silly gunzTarPerm extractEntry locale/de.js
396 silly gunzTarPerm extractEntry locale/ss.js
397 silly gunzTarPerm extractEntry locale/de-at.js
398 silly gunzTarPerm extractEntry locale/sv.js
399 silly gunzTarPerm extractEntry locale/da.js
400 silly gunzTarPerm extractEntry locale/sw.js
401 silly gunzTarPerm extractEntry locale/cy.js
402 silly gunzTarPerm extractEntry locale/ta.js
403 silly gunzTarPerm extractEntry locale/cv.js
404 silly gunzTarPerm extractEntry locale/te.js
405 silly gunzTarPerm extractEntry locale/cs.js
406 silly gunzTarPerm extractEntry locale/th.js
407 silly gunzTarPerm extractEntry locale/ca.js
408 silly gunzTarPerm extractEntry locale/tl-ph.js
409 silly gunzTarPerm extractEntry locale/bs.js
410 silly gunzTarPerm extractEntry locale/tlh.js
411 silly gunzTarPerm extractEntry locale/br.js
412 silly gunzTarPerm extractEntry locale/tr.js
413 silly gunzTarPerm extractEntry locale/bo.js
414 silly gunzTarPerm extractEntry locale/tzl.js
415 silly gunzTarPerm extractEntry locale/bn.js
416 silly gunzTarPerm extractEntry locale/tzm-latn.js
417 silly gunzTarPerm extractEntry locale/bg.js
418 silly gunzTarPerm extractEntry locale/tzm.js
419 silly gunzTarPerm extractEntry locale/be.js
420 silly gunzTarPerm extractEntry locale/uk.js
421 silly gunzTarPerm extractEntry locale/az.js
422 silly gunzTarPerm extractEntry locale/uz.js
423 silly gunzTarPerm extractEntry locale/ar.js
424 silly gunzTarPerm extractEntry locale/vi.js
425 silly gunzTarPerm extractEntry locale/ar-tn.js
426 silly gunzTarPerm extractEntry locale/x-pseudo.js
427 silly gunzTarPerm extractEntry locale/ar-sa.js
428 silly gunzTarPerm extractEntry locale/zh-cn.js
429 silly gunzTarPerm extractEntry locale/ar-ma.js
430 silly gunzTarPerm extractEntry locale/zh-tw.js
431 silly gunzTarPerm extractEntry locale/kk.js
432 silly gunzTarPerm extractEntry CHANGELOG.md
433 silly gunzTarPerm extractEntry min/locales.js
434 silly gunzTarPerm extractEntry min/locales.min.js
435 silly gunzTarPerm extractEntry min/moment-with-locales.js
436 silly gunzTarPerm extractEntry min/moment-with-locales.min.js
437 silly gunzTarPerm extractEntry min/moment.min.js
438 verbose write writing to /Users/jason/Desktop/Jason/programming/load_monitoring/load-monitoring/node_modules/moment/package.json
439 info preinstall moment@2.13.0
440 verbose readDependencies loading dependencies from /Users/jason/Desktop/Jason/programming/load_monitoring/load-monitoring/node_modules/moment/package.json
441 verbose readDependencies loading dependencies from /Users/jason/Desktop/Jason/programming/load_monitoring/load-monitoring/node_modules/moment/package.json
442 silly install resolved []
443 verbose about to build /Users/jason/Desktop/Jason/programming/load_monitoring/load-monitoring/node_modules/moment
444 info build /Users/jason/Desktop/Jason/programming/load_monitoring/load-monitoring/node_modules/moment
445 info linkStuff moment@2.13.0
446 silly linkStuff moment@2.13.0 has /Users/jason/Desktop/Jason/programming/load_monitoring/load-monitoring/node_modules as its parent node_modules
447 verbose linkBins moment@2.13.0
448 verbose linkMans moment@2.13.0
449 verbose rebuildBundles moment@2.13.0
450 info install moment@2.13.0
451 info postinstall moment@2.13.0
452 verbose unlock done using /Users/jason/.npm/_locks/moment-d0e18d46068120ca.lock for /Users/jason/Desktop/Jason/programming/load_monitoring/load-monitoring/node_modules/moment
453 verbose validateInstall loading /Users/jason/Desktop/Jason/programming/load_monitoring/load-monitoring/package.json for validation
454 verbose stack Error: The package history@1.13.1 does not satisfy its siblings' peerDependencies requirements!
454 verbose stack     at /usr/local/lib/node_modules/npm/lib/install.js:125:32
454 verbose stack     at /usr/local/lib/node_modules/npm/lib/install.js:268:7
454 verbose stack     at /usr/local/lib/node_modules/npm/node_modules/read-installed/read-installed.js:142:5
454 verbose stack     at /usr/local/lib/node_modules/npm/node_modules/read-installed/read-installed.js:263:14
454 verbose stack     at cb (/usr/local/lib/node_modules/npm/node_modules/slide/lib/async-map.js:47:24)
454 verbose stack     at /usr/local/lib/node_modules/npm/node_modules/read-installed/read-installed.js:263:14
454 verbose stack     at cb (/usr/local/lib/node_modules/npm/node_modules/slide/lib/async-map.js:47:24)
454 verbose stack     at /usr/local/lib/node_modules/npm/node_modules/read-installed/read-installed.js:263:14
454 verbose stack     at cb (/usr/local/lib/node_modules/npm/node_modules/slide/lib/async-map.js:47:24)
454 verbose stack     at /usr/local/lib/node_modules/npm/node_modules/read-installed/read-installed.js:263:14
455 verbose cwd /Users/jason/Desktop/Jason/programming/load_monitoring/load-monitoring
456 error Darwin 14.5.0
457 error argv "/usr/local/bin/node" "/usr/local/bin/npm" "install" "moment" "--save"
458 error node v4.4.3
459 error npm  v2.15.1
460 error code EPEERINVALID
461 error peerinvalid The package history@1.13.1 does not satisfy its siblings' peerDependencies requirements!
461 error peerinvalid Peer react-router@1.0.3 wants history@^1.17.0
462 verbose exit [ 1, true ]
